Using pre-set license
Built from '2020.3/release' branch; Version is '2020.3.1f1 (77a89f25062f) revision 7841951'; Using compiler version '192528614'; Build Type 'Release'
OS: 'Windows 10 Home Single Language; OS build 19042.928; Version 2009; 64bit' Language: 'en' Physical Memory: 12169 MB
BatchMode: 1, IsHumanControllingUs: 0, StartBugReporterOnCrash: 0, Is64bit: 1, IsPro: 0

 COMMAND LINE ARGUMENTS:
C:\Program Files\Unity\Hub\Editor\2020.3.1f1\Editor\Unity.exe
-adb2
-batchMode
-noUpm
-name
AssetImportWorker2
-projectPath
E:/Game TA(i)/Nekker_TA
-logFile
Logs/AssetImportWorker2.log
-srvPort
3102
Successfully changed project path to: E:/Game TA(i)/Nekker_TA
E:/Game TA(i)/Nekker_TA
Using Asset Import Pipeline V2.
Refreshing native plugins compatible for Editor in 135.83 ms, found 0 plugins.
Preloading 0 native plugins for Editor in 0.00 ms.
Initialize engine version: 2020.3.1f1 (77a89f25062f)
[Subsystems] Discovering subsystems at path C:/Program Files/Unity/Hub/Editor/2020.3.1f1/Editor/Data/Resources/UnitySubsystems
[Subsystems] Discovering subsystems at path E:/Game TA(i)/Nekker_TA/Assets
GfxDevice: creating device client; threaded=0
Direct3D:
    Version:  Direct3D 11.0 [level 11.0]
    Renderer: NVIDIA GeForce MX130 (ID=0x174d)
    Vendor:   
    VRAM:     2010 MB
    Driver:   27.21.14.5167
Initialize mono
Mono path[0] = 'C:/Program Files/Unity/Hub/Editor/2020.3.1f1/Editor/Data/Managed'
Mono path[1] = 'C:/Program Files/Unity/Hub/Editor/2020.3.1f1/Editor/Data/MonoBleedingEdge/lib/mono/unityjit'
Mono config path = 'C:/Program Files/Unity/Hub/Editor/2020.3.1f1/Editor/Data/MonoBleedingEdge/etc'
Using monoOptions --debugger-agent=transport=dt_socket,embedding=1,server=y,suspend=n,address=127.0.0.1:56272
Begin MonoManager ReloadAssembly
Registering precompiled unity dll's ...
Register platform support module: C:/Program Files/Unity/Hub/Editor/2020.3.1f1/Editor/Data/PlaybackEngines/WindowsStandaloneSupport/UnityEditor.WindowsStandalone.Extensions.dll
Registered in 0.005529 seconds.
Native extension for WindowsStandalone target not found
Refreshing native plugins compatible for Editor in 114.95 ms, found 0 plugins.
Preloading 0 native plugins for Editor in 0.00 ms.
Invoked RoslynAnalysisRunner static constructor.
RoslynAnalysisRunner will not be running.
RoslynAnalysisRunner has terminated.
Mono: successfully reloaded assembly
- Completed reload, in  6.609 seconds
Platform modules already initialized, skipping
Registering precompiled user dll's ...
Registered in 0.003105 seconds.
Begin MonoManager ReloadAssembly
Native extension for WindowsStandalone target not found
Refreshing native plugins compatible for Editor in 0.70 ms, found 0 plugins.
Preloading 0 native plugins for Editor in 0.00 ms.
Invoked RoslynAnalysisRunner static constructor.
RoslynAnalysisRunner will not be running.
RoslynAnalysisRunner has terminated.
Mono: successfully reloaded assembly
- Completed reload, in  3.682 seconds
Platform modules already initialized, skipping
========================================================================
Worker process is ready to serve import requests
Launched and connected shader compiler UnityShaderCompiler.exe after 0.17 seconds
Refreshing native plugins compatible for Editor in 0.84 ms, found 0 plugins.
Preloading 0 native plugins for Editor in 0.00 ms.
Unloading 1269 Unused Serialized files (Serialized files now loaded: 0)
System memory in use before: 62.6 MB.
System memory in use after: 62.7 MB.

Unloading 22 unused Assets to reduce memory usage. Loaded Objects now: 1700.
Total: 4.710200 ms (FindLiveObjects: 0.339100 ms CreateObjectMapping: 0.111400 ms MarkObjects: 4.069900 ms  DeleteObjects: 0.186000 ms)

========================================================================
Received Import Request.
  path: Assets/Scenes/Menu.unity
  artifactKey: Guid(095df20e9bc6ddd42b3ba16a6efa9545) Importer(815301076,1909f56bfc062723c751e8b465ee728b)
Start importing Assets/Scenes/Menu.unity using Guid(095df20e9bc6ddd42b3ba16a6efa9545) Importer(815301076,1909f56bfc062723c751e8b465ee728b)  -> (artifact id: '1a9c6fc4add8fdbcefebad48cf573acd') in 0.073486 seconds
  Import took 0.083797 seconds .

========================================================================
Received Import Request.
  Time since last request: 8.975944 seconds.
  path: Assets/Script/mainMenu.cs
  artifactKey: Guid(2943ab727725dd04286a62066e21417d) Importer(815301076,1909f56bfc062723c751e8b465ee728b)
Start importing Assets/Script/mainMenu.cs using Guid(2943ab727725dd04286a62066e21417d) Importer(815301076,1909f56bfc062723c751e8b465ee728b)  -> (artifact id: '55e6e56710f043beab154cf12656c722') in 0.198084 seconds
  Import took 0.205517 seconds .

========================================================================
Received Import Request.
  Time since last request: 1158.554062 seconds.
  path: Assets/Script
  artifactKey: Guid(05bb35147452cb14d9828166e1007bb1) Importer(815301076,1909f56bfc062723c751e8b465ee728b)
Start importing Assets/Script using Guid(05bb35147452cb14d9828166e1007bb1) Importer(815301076,1909f56bfc062723c751e8b465ee728b)  -> (artifact id: '8be39df6694bd71810fa046e5b014e94') in 0.009670 seconds
  Import took 0.012930 seconds .

========================================================================
Received Import Request.
  Time since last request: 19.912098 seconds.
  path: Assets/Script/gameOver.cs
  artifactKey: Guid(d201541173f00184eba26803f1d9bee7) Importer(815301076,1909f56bfc062723c751e8b465ee728b)
Start importing Assets/Script/gameOver.cs using Guid(d201541173f00184eba26803f1d9bee7) Importer(815301076,1909f56bfc062723c751e8b465ee728b)  -> (artifact id: 'a635e86b80cf7d58b2b6538eaf64b5e1') in 0.008217 seconds
  Import took 0.011284 seconds .

========================================================================
Received Prepare
Registering precompiled user dll's ...
Registered in 0.000644 seconds.
Begin MonoManager ReloadAssembly
Native extension for WindowsStandalone target not found
Refreshing native plugins compatible for Editor in 0.36 ms, found 0 plugins.
Preloading 0 native plugins for Editor in 0.00 ms.
Invoked RoslynAnalysisRunner static constructor.
RoslynAnalysisRunner will not be running.
RoslynAnalysisRunner has terminated.
Mono: successfully reloaded assembly
- Completed reload, in  0.889 seconds
Platform modules already initialized, skipping
Switching build target platform(5) subTarget(0) extendedPlatform(0) -> platform(13) subTarget(537395200) extendedPlatform(0)
Refreshing native plugins compatible for Editor in 0.59 ms, found 0 plugins.
Preloading 0 native plugins for Editor in 0.00 ms.
Unloading 1254 Unused Serialized files (Serialized files now loaded: 0)
System memory in use before: 61.5 MB.
System memory in use after: 61.6 MB.

Unloading 17 unused Assets to reduce memory usage. Loaded Objects now: 1704.
Total: 2.041000 ms (FindLiveObjects: 0.201400 ms CreateObjectMapping: 0.068200 ms MarkObjects: 1.743500 ms  DeleteObjects: 0.026400 ms)

AssetImportParameters requested are different than current active one (requested -> active):
  custom:graphics/normal-map-encoding: 01000000000000000000000000000000 -> 02000000000000000000000000000000
========================================================================
Received Import Request.
  Time since last request: 115.944718 seconds.
  path: Assets/Scenes/LemparanAwal.unity
  artifactKey: Guid(db245d49eb5f6dc41ae54622011bb035) Importer(815301076,1909f56bfc062723c751e8b465ee728b)
Start importing Assets/Scenes/LemparanAwal.unity using Guid(db245d49eb5f6dc41ae54622011bb035) Importer(815301076,1909f56bfc062723c751e8b465ee728b)  -> (artifact id: 'd874574015818ef11ae2d9e79e46330d') in 0.019539 seconds
  Import took 0.022959 seconds .

========================================================================
Received Import Request.
  Time since last request: 183.515487 seconds.
  path: Assets/Sprites/PowerupBar.psd
  artifactKey: Guid(45e4c7e0f4e3ef64a83d056671231737) Importer(815301076,1909f56bfc062723c751e8b465ee728b)
Start importing Assets/Sprites/PowerupBar.psd using Guid(45e4c7e0f4e3ef64a83d056671231737) Importer(815301076,1909f56bfc062723c751e8b465ee728b)  -> (artifact id: '14c2b6ff6ea12d7b9b95544c8744d4f7') in 0.153525 seconds
  Import took 0.157894 seconds .

========================================================================
Received Import Request.
  Time since last request: 0.000340 seconds.
  path: Assets/Sprites/PowerupFrame.psd
  artifactKey: Guid(ada489988b1cf064a8c1441541230cb0) Importer(815301076,1909f56bfc062723c751e8b465ee728b)
Start importing Assets/Sprites/PowerupFrame.psd using Guid(ada489988b1cf064a8c1441541230cb0) Importer(815301076,1909f56bfc062723c751e8b465ee728b)  -> (artifact id: 'd22af8779b87ff3644601180468984b4') in 0.084258 seconds
  Import took 0.112085 seconds .

========================================================================
Received Import Request.
  Time since last request: 0.000383 seconds.
  path: Assets/Sprites/PowerupBtn.psd
  artifactKey: Guid(8c6b02f25f2a6b742a2a8506835e5ea5) Importer(815301076,1909f56bfc062723c751e8b465ee728b)
Start importing Assets/Sprites/PowerupBtn.psd using Guid(8c6b02f25f2a6b742a2a8506835e5ea5) Importer(815301076,1909f56bfc062723c751e8b465ee728b)  -> (artifact id: '1c44211ea2ae7233aa5ddf17f0c879e3') in 0.039656 seconds
  Import took 0.042374 seconds .

========================================================================
Received Import Request.
  Time since last request: 100.390972 seconds.
  path: Assets/Script/controllPoint.cs
  artifactKey: Guid(00829f83910a8524296afe118a492335) Importer(815301076,1909f56bfc062723c751e8b465ee728b)
Start importing Assets/Script/controllPoint.cs using Guid(00829f83910a8524296afe118a492335) Importer(815301076,1909f56bfc062723c751e8b465ee728b)  -> (artifact id: 'addc0e43a8a626562cfbcaabcb854a00') in 0.008826 seconds
  Import took 0.011532 seconds .

========================================================================
Received Import Request.
  Time since last request: 27.166927 seconds.
  path: Assets/Script/potArea.cs
  artifactKey: Guid(3202e6c31757cc44a902c256f64bb242) Importer(815301076,1909f56bfc062723c751e8b465ee728b)
Start importing Assets/Script/potArea.cs using Guid(3202e6c31757cc44a902c256f64bb242) Importer(815301076,1909f56bfc062723c751e8b465ee728b)  -> (artifact id: '348311d36daea8ab53ed7751b452c8da') in 0.007039 seconds
  Import took 0.009709 seconds .

========================================================================
Received Prepare
Registering precompiled user dll's ...
Registered in 0.000658 seconds.
Begin MonoManager ReloadAssembly
Native extension for WindowsStandalone target not found
Refreshing native plugins compatible for Editor in 0.37 ms, found 0 plugins.
Preloading 0 native plugins for Editor in 0.00 ms.
Invoked RoslynAnalysisRunner static constructor.
RoslynAnalysisRunner will not be running.
RoslynAnalysisRunner has terminated.
Mono: successfully reloaded assembly
- Completed reload, in  0.861 seconds
Platform modules already initialized, skipping
Switching build target platform(5) subTarget(0) extendedPlatform(0) -> platform(13) subTarget(537395200) extendedPlatform(0)
Refreshing native plugins compatible for Editor in 0.37 ms, found 0 plugins.
Preloading 0 native plugins for Editor in 0.00 ms.
Unloading 1254 Unused Serialized files (Serialized files now loaded: 0)
System memory in use before: 64.6 MB.
System memory in use after: 64.7 MB.

Unloading 17 unused Assets to reduce memory usage. Loaded Objects now: 1713.
Total: 1.862200 ms (FindLiveObjects: 0.227600 ms CreateObjectMapping: 0.050800 ms MarkObjects: 1.560900 ms  DeleteObjects: 0.021200 ms)

AssetImportParameters requested are different than current active one (requested -> active):
  custom:graphics/normal-map-encoding: 01000000000000000000000000000000 -> 02000000000000000000000000000000
